[performair.com/index.html]
[performair.com/favicon.ico]
[performair.com/manifest.json]
[backblue.gif]
[fade.gif]
[index.html]
[performair.com/static/css/2.bb5ee24c.chunk.css]
[performair.com/static/css/main.93273fc2.chunk.css]
[performair.com/static/js/2.85ade758.chunk.js]
[performair.com/index.html]
[performair.com/static/js/main.2c46e4db.chunk.js]
[performair.com/static/media/fa-brands-400.57dcda6f.eot]
[performair.com/static/media/fa-brands-400.57dcda6fd41d.eot]
[performair.com/static/media/fa-brands-400.067595ad.woff2]
[performair.com/static/media/fa-brands-400.b564da88.woff]
[performair.com/static/media/fa-brands-400.9ec698d1.ttf]
[performair.com/static/media/fa-brands-400.9d67fa14.svg]
[performair.com/static/media/fa-regular-400.3351f435.eot]
[performair.com/static/media/fa-regular-400.3351f435d41d.eot]
[performair.com/static/media/fa-regular-400.4165c268.woff2]
[performair.com/static/media/fa-regular-400.73cf49a2.woff]
[performair.com/static/media/fa-regular-400.a0e3ac82.ttf]
[performair.com/static/media/fa-regular-400.5d086178.svg]
[performair.com/static/media/fa-solid-900.89e02bae.eot]
[performair.com/static/media/fa-solid-900.89e02baed41d.eot]
[performair.com/static/media/fa-solid-900.55eb2a60.woff2]
[performair.com/static/media/fa-solid-900.cdfec5cf.woff]
[performair.com/static/media/fa-solid-900.75f38a15.ttf]
[performair.com/static/css/2.bb5ee24c.chunk.css]
[performair.com/static/media/background.7255a979.jpg]
[performair.com/static/media/fa-solid-900.0724bb8b.svg]
[performair.com/static/media/sky.3a85ef83.jpg]
[performair.com/static/media/socials-bg.b319407f.jpg]
[performair.com/static/css/main.93273fc2.chunk.css]
[performair.com/static/media/fa-brands-400.9d67fa14.svg]
[performair.com/static/media/fa-regular-400.5d086178.svg]
[performair.com/static/media/fa-solid-900.0724bb8b.svg]
